app/build/outputs/logs/manifest-merger-debug-report.txt
-- Merging decision tree log ---
manifest
ADDED from src\main\AndroidManifest.xml:2:1-59:12
INJECTED from src\main\AndroidManifest.xml:2:1-59:12
INJECTED from src\main\AndroidManifest.xml:2:1-59:12
INJECTED from src\main\AndroidManifest.xml:2:1-59:12
MERGED from [com.android.support:support-v4:27.0.2] AndroidManifest.xml:17:1-22:12
MERGED from [com.android.support:cardview-v7:27.0.2] AndroidManifest.xml:17:1-22:12
MERGED from [com.android.support:support-media-compat:27.0.2] AndroidManifest.xml:17:1-22:12
MERGED from [com.android.support:support-fragment:27.0.2] AndroidManifest.xml:17:1-22:12
MERGED from [com.android.support:support-core-utils:27.0.2] AndroidManifest.xml:17:1-22:12
MERGED from [com.android.support:support-core-ui:27.0.2] AndroidManifest.xml:17:1-22:12
MERGED from [com.android.support:support-compat:27.0.2] AndroidManifest.xml:17:1-22:12
MERGED from [android.arch.lifecycle:runtime:1.0.3] AndroidManifest.xml:17:1-24:12
INJECTED from src\main\AndroidManifest.xml:2:1-59:12
INJECTED from src\main\AndroidManifest.xml:2:1-59:12
INJECTED from src\main\AndroidManifest.xml:2:1-59:12
	package
		ADDED from src\main\AndroidManifest.xml:3:5-33
		INJECTED from src\main\AndroidManifest.xml
		INJECTED from src\main\AndroidManifest.xml
	android:versionName
		ADDED from src\main\AndroidManifest.xml:5:5-30
		INJECTED from src\main\AndroidManifest.xml
		INJECTED from src\main\AndroidManifest.xml
	xmlns:android
		ADDED from src\main\AndroidManifest.xml:2:11-69
	android:versionCode
		ADDED from src\main\AndroidManifest.xml:4:5-28
		INJECTED from src\main\AndroidManifest.xml
		INJECTED from src\main\AndroidManifest.xml
uses-sdk
ADDED from src\main\AndroidManifest.xml:6:5-8:41
INJECTED from src\main\AndroidManifest.xml:6:5-8:41
INJECTED from src\main\AndroidManifest.xml:6:5-8:41
MERGED from [com.android.support:support-v4:27.0.2] AndroidManifest.xml:20:5-44
MERGED from [com.android.support:support-v4:27.0.2] AndroidManifest.xml:20:5-44
MERGED from [com.android.support:cardview-v7:27.0.2] AndroidManifest.xml:20:5-44
MERGED from [com.android.support:cardview-v7:27.0.2] AndroidManifest.xml:20:5-44
MERGED from [com.android.support:support-media-compat:27.0.2] AndroidManifest.xml:20:5-44
MERGED from [com.android.support:support-media-compat:27.0.2] AndroidManifest.xml:20:5-44
MERGED from [com.android.support:support-fragment:27.0.2] AndroidManifest.xml:20:5-44
MERGED from [com.android.support:support-fragment:27.0.2] AndroidManifest.xml:20:5-44
MERGED from [com.android.support:support-core-utils:27.0.2] AndroidManifest.xml:20:5-44
MERGED from [com.android.support:support-core-utils:27.0.2] AndroidManifest.xml:20:5-44
MERGED from [com.android.support:support-core-ui:27.0.2] AndroidManifest.xml:20:5-44
MERGED from [com.android.support:support-core-ui:27.0.2] AndroidManifest.xml:20:5-44
MERGED from [com.android.support:support-compat:27.0.2] AndroidManifest.xml:20:5-44
MERGED from [com.android.support:support-compat:27.0.2] AndroidManifest.xml:20:5-44
MERGED from [android.arch.lifecycle:runtime:1.0.3] AndroidManifest.xml:20:5-22:41
MERGED from [android.arch.lifecycle:runtime:1.0.3] AndroidManifest.xml:20:5-22:41
INJECTED from src\main\AndroidManifest.xml:6:5-8:41
INJECTED from src\main\AndroidManifest.xml:6:5-8:41
	android:targetSdkVersion
		ADDED from src\main\AndroidManifest.xml:8:9-38
		INJECTED from src\main\AndroidManifest.xml
		INJECTED from src\main\AndroidManifest.xml
	android:minSdkVersion
		ADDED from src\main\AndroidManifest.xml:7:9-35
		INJECTED from src\main\AndroidManifest.xml
		INJECTED from src\main\AndroidManifest.xml
uses-permission#android.permission.READ_EXTERNAL_STORAGE
ADDED from src\main\AndroidManifest.xml:9:5-80
	android:name
		ADDED from src\main\AndroidManifest.xml:9:22-77
uses-permission#android.permission.WRITE_EXTERNAL_STORAGE
ADDED from src\main\AndroidManifest.xml:10:5-80
	android:name
		ADDED from src\main\AndroidManifest.xml:10:22-78
uses-feature#android.hardware.bluetooth_le
ADDED from src\main\AndroidManifest.xml:11:2-87
	android:required
		ADDED from src\main\AndroidManifest.xml:11:61-84
	android:name
		ADDED from src\main\AndroidManifest.xml:11:16-60
uses-feature#android.bluetooth.le
ADDED from src\main\AndroidManifest.xml:12:5-80
	android:required
		ADDED from src\main\AndroidManifest.xml:12:55-78
	android:name
		ADDED from src\main\AndroidManifest.xml:12:19-54
uses-permission#android.permission.BLUETOOTH_PRIVILEGED
ADDED from src\main\AndroidManifest.xml:13:5-79
	android:name
		ADDED from src\main\AndroidManifest.xml:13:22-76
uses-permission#android.permission.ACCESS_COARSE_LOCATION
ADDED from src\main\AndroidManifest.xml:14:5-81
	android:name
		ADDED from src\main\AndroidManifest.xml:14:22-78
uses-permission#android.permission.BLUETOOTH_ADMIN
ADDED from src\main\AndroidManifest.xml:15:5-74
	android:name
		ADDED from src\main\AndroidManifest.xml:15:22-71
uses-permission#android.permission.BLUETOOTH
ADDED from src\main\AndroidManifest.xml:16:5-68
	android:name
		ADDED from src\main\AndroidManifest.xml:16:22-65
application
ADDED from src\main\AndroidManifest.xml:17:5-57:19
	android:label
		ADDED from src\main\AndroidManifest.xml:21:9-41
	android:icon
		ADDED from src\main\AndroidManifest.xml:20:9-45
	android:allowBackup
		ADDED from src\main\AndroidManifest.xml:19:9-35
	android:theme
		ADDED from src\main\AndroidManifest.xml:22:9-40
	android:name
		ADDED from src\main\AndroidManifest.xml:18:9-38
activity#cn.hfiti.toiletapp.bluetooth.DeviceScanActivity
ADDED from src\main\AndroidManifest.xml:23:9-27:20
	android:label
		ADDED from src\main\AndroidManifest.xml:25:13-45
	android:name
		ADDED from src\main\AndroidManifest.xml:24:13-75
activity#cn.hfiti.toiletapp.activity.HeartRateActivity
ADDED from src\main\AndroidManifest.xml:28:9-81
	android:name
		ADDED from src\main\AndroidManifest.xml:28:19-79
activity#cn.hfiti.toiletapp.activity.UrineTestActivity
ADDED from src\main\AndroidManifest.xml:29:9-81
	android:name
		ADDED from src\main\AndroidManifest.xml:29:19-79
activity#cn.hfiti.toiletapp.activity.BodyCompositionActivity
ADDED from src\main\AndroidManifest.xml:30:9-87
	android:name
		ADDED from src\main\AndroidManifest.xml:30:19-85
activity#cn.hfiti.toiletapp.activity.HealthActivity
ADDED from src\main\AndroidManifest.xml:31:9-78
	android:name
		ADDED from src\main\AndroidManifest.xml:31:19-76
activity#cn.hfiti.toiletapp.activity.MainActivity
ADDED from src\main\AndroidManifest.xml:32:9-37:20
	android:name
		ADDED from src\main\AndroidManifest.xml:32:19-74
intent-filter#android.intent.action.MAIN+android.intent.category.LAUNCHER
ADDED from src\main\AndroidManifest.xml:33:13-36:29
action#android.intent.action.MAIN
ADDED from src\main\AndroidManifest.xml:34:17-69
	android:name
		ADDED from src\main\AndroidManifest.xml:34:25-66
category#android.intent.category.LAUNCHER
ADDED from src\main\AndroidManifest.xml:35:17-77
	android:name
		ADDED from src\main\AndroidManifest.xml:35:27-74
activity#cn.hfiti.toiletapp.activity.SettingsActivity
ADDED from src\main\AndroidManifest.xml:38:9-80
	android:name
		ADDED from src\main\AndroidManifest.xml:38:19-78
activity#cn.hfiti.toiletapp.activity.FunSettingsActivity
ADDED from src\main\AndroidManifest.xml:39:9-83
	android:name
		ADDED from src\main\AndroidManifest.xml:39:19-81
activity#cn.hfiti.toiletapp.activity.LoginActivity
ADDED from src\main\AndroidManifest.xml:40:9-77
	android:name
		ADDED from src\main\AndroidManifest.xml:40:19-75
activity#cn.hfiti.toiletapp.activity.RegisterActivity
ADDED from src\main\AndroidManifest.xml:41:9-80
	android:name
		ADDED from src\main\AndroidManifest.xml:41:19-78
activity#cn.hfiti.toiletapp.activity.UserActivity
ADDED from src\main\AndroidManifest.xml:42:9-76
	android:name
		ADDED from src\main\AndroidManifest.xml:42:19-74
activity#cn.hfiti.toiletapp.activity.UserInfoActivity
ADDED from src\main\AndroidManifest.xml:43:9-80
	android:name
		ADDED from src\main\AndroidManifest.xml:43:19-78
activity#cn.hfiti.toiletapp.activity.UserSetupActivity
ADDED from src\main\AndroidManifest.xml:44:9-81
	android:name
		ADDED from src\main\AndroidManifest.xml:44:19-79
activity#cn.hfiti.toiletapp.activity.CroppedPhotoActivity
ADDED from src\main\AndroidManifest.xml:45:9-84
	android:name
		ADDED from src\main\AndroidManifest.xml:45:19-82
activity#cn.hfiti.toiletapp.activity.BaseActivity
ADDED from src\main\AndroidManifest.xml:46:9-76
	android:name
		ADDED from src\main\AndroidManifest.xml:46:19-74
activity#cn.hfiti.toiletapp.bluetooth.BleSppActivity
ADDED from src\main\AndroidManifest.xml:47:9-79
	android:name
		ADDED from src\main\AndroidManifest.xml:47:19-77
service#cn.hfiti.toiletapp.bluetooth.BluetoothLeService
ADDED from src\main\AndroidManifest.xml:48:9-105
	android:enabled
		ADDED from src\main\AndroidManifest.xml:48:81-103
	android:name
		ADDED from src\main\AndroidManifest.xml:48:18-80
activity#es.senselesssolutions.gpl.weightchart.ChartActivity
ADDED from src\main\AndroidManifest.xml:51:9-87
	android:name
		ADDED from src\main\AndroidManifest.xml:51:19-85
activity#es.senselesssolutions.gpl.weightchart.EntryActivity
ADDED from src\main\AndroidManifest.xml:52:9-87
	android:name
		ADDED from src\main\AndroidManifest.xml:52:19-85
activity#es.senselesssolutions.gpl.weightchart.EntryListActivity
ADDED from src\main\AndroidManifest.xml:53:9-91
	android:name
		ADDED from src\main\AndroidManifest.xml:53:19-89
activity#es.senselesssolutions.gpl.weightchart.LegendActivity
ADDED from src\main\AndroidManifest.xml:54:9-88
	android:name
		ADDED from src\main\AndroidManifest.xml:54:19-86
activity#es.senselesssolutions.gpl.weightchart.PreferencesActivity
ADDED from src\main\AndroidManifest.xml:55:9-93
	android:name
		ADDED from src\main\AndroidManifest.xml:55:19-91